0 1100000000000000000000000000000000000000
0 1110000000000000000000000000000000000000
0 1111111111000000000000000000000000000000
0 1110000101100000000000000000000000000000
0 1110000101000000000000000000000000000000
1 1111111111111111111111111111111111111100
0 1110000101000000000000000000000000000000
0 1110000101010000000000000000000000000000
0 1110000101000000000000000000000000000000
0 1110000101001000000000000000000000000000
0 1110000101000111111111111100000000000000
0 1100000000000000000000000000000000000000
0 0000000000000000000000000010000000000000
0 0000000000000000000000000001000000000000
0 0000000000000000000000000000100000000000
0 0000000000000000000000000000110000000000
0 0000000000000000000000000000100000000000
0 0000000000000000000000000000001100000000
0 0000000000000000000000000000001110000000
0 0000000000000000000000000000001111000000
0 0000000000000000000000000000001111100000
0 0000000000000000000000000000000000010000
0 0000000000000000000000000000000000001000
0 0000000000000000000000000000000000000100
0 0000000000000000000000000000000000000110
0 0000000000000000000000000000000000000100
0 0000000000000000000000000000000000000101
0 0000000000000000000000000000000000000100
1 0000000000000000000000000000000000000010
1 0000000000000000000000000000000000000001
2 1000000000000000000000000000000000000000
2 1111100000000000000000000000000000000000
2 1000000000000000000000000000000000000000
2 0000010000000000000000000000000000000000
2 0000011000000000000000000000000000000000
2 0000011100000000000000000000000000000000
2 0000011000000000000000000000000000000000
2 0000010000000000000000000000000000000000
2 0000000010000000000000000000000000000000
2 0000000001000000000000000000000000000000
2 0000000000100000000000000000000000000000
2 0000000000010000000000000000000000000000
2 0000000000001000000000000000000000000000
2 0000000000001100000000000000000000000000
2 0000000000001110000000000000000000000000
2 0000000000001111100000000000000000000000
2 0000000000001110000000000000000000000000
2 0000000000001110011000000000000000000000
2 0000000000001110000000000000000000000000
2 0000000000001110000111000000000000000000
2 0000000000001110000000000000000000000000
2 0000000000001100000000000000000000000000
2 0000000000001000000000000000000000000000
2 0000000000000000000000100000000000000000
2 0000000000000000000000110000000000000000
2 0000000000000000000000111111111100000000
2 0000000000000000000000110000000100000000
3 1111111111111111111111111100000000000000
2 0000000000000000000000110000000110000000
2 0000000000000000000000110000000100000000
2 0000000000000000000000110000000101100000
2 0000000000000000000000110000000100000000
2 0000000000000000000000100000000000000000
2 0000000000000000000000000000000000010000
2 0000000000000000000000000000000000011000
2 0000000000000000000000000000000000011100
2 0000000000000000000000000000000000011000
2 0000000000000000000000000000000000011011
2 0000000000000000000000000000000000011000
3 0000000000000000000000000011000000000000
3 0000000000000000000000000011110000000000
3 0000000000000000000000000011000000000000
3 0000000000000000000000000001000000000000
3 0000000000000000000000000000001100000000
3 0000000000000000000000000000001110000000
4 1111111111100000000000000000000000000000
3 0000000000000000000000000000001111000000
3 0000000000000000000000000000001111100000
3 0000000000000000000000000000001111000000
3 0000000000000000000000000000001111010000
5 1111111111111111111111111111111111110000
3 0000000000000000000000000000001111000000
3 0000000000000000000000000000001111001000
4 0000001011111111111111111110000000000000
3 0000000000000000000000000000000000000100
4 0000000000000000000000000001111110000000
4 0000000000000000000000000001111111111110
4 0000000000000000000000000001111110000000
4 0000000000000000000000000001111110000001
4 0000000000000000000000000001111110000000
6 1111111000000000000000000000000000000000
6 1110111100000000000000000000000000000000
4 0000000000000000000000000001111110000000
3 0000000000000000000000000000000000000110
3 0000000000000000000000000000000000000100
5 0000000000000000000000000000000000001100
5 0000000000000000000000000000000000001110
5 0000000000000000000000000000000000001100
3 0000000000000000000000000000000000000001
5 0000000000000000000000000000000000000001
6 0000000010000000000000000000000000000000
6 0000000011000000000000000000000000000000
6 0000000011111100000000000000000000000000
6 0000000011000011110000000000000000000000
6 0000000011000000000000000000000000000000
6 0000000010000000000000000000000000000000
6 0000000010000000001110000000000000000000
6 0000000010000000001111100000000000000000
6 0000000010000000001110000000000000000000
6 0000000010000000001110011000000000000000
6 0000000010000000001110000000000000000000
6 0000000010000000000000000000000000000000
6 0000000010000000000000000100000000000000
6 0000000010000000000000000110000000000000
6 0000000010000000000000000100000000000000
6 0000000010000000000000000101000000000000
6 0000000010000000000000000100000000000000
6 0000000010000000000000000100100000000000
6 0000000010000000000000000100000000000000
6 0000000010000000000000000100010000000000
6 0000000010000000000000000100000000000000
6 0000000010000000000000000000000000000000
6 0000000000000000000000000000001100000000
6 0000000000000000000000000000001111000000
6 0000000000000000000000000000001100000000
6 0000000000000000000000000000001100110000
6 0000000000000000000000000000001100000000
6 0000000000000000000000000000000100000000
6 0000000000000000000000000000000100001000
6 0000000000000000000000000000000100000000
6 0000000000000000000000000000000100000111
6 0000000000000000000000000000000100000000
7 1100000000000000000000000000000000000000
7 1110000000000000000000000000000000000000
7 1111000000000000000000000000000000000000
7 1110000000000000000000000000000000000000
7 1110100000000000000000000000000000000000
7 1110000000000000000000000000000000000000
7 1110010000000000000000000000000000000000
7 1110000000000000000000000000000000000000
7 1110001110000000000000000000000000000000
7 1110000000000000000000000000000000000000
7 0000000001000000000000000000000000000000
7 0000000001100000000000000000000000000000
7 0000000001110000000000000000000000000000
7 0000000001100000000000000000000000000000
7 0000000001101000000000000000000000000000
7 0000000001100000000000000000000000000000
7 0000000001100100000000000000000000000000
7 0000000001100000000000000000000000000000
7 0000000001100010000000000000000000000000
7 0000000001000000000000000000000000000000
7 0000000001000001000000000000000000000000
7 0000000001000000000000000000000000000000
7 0000000001000000100000000000000000000000
7 0000000001000000000000000000000000000000
7 0000000001000000011000000000000000000000
7 0000000001000000000000000000000000000000
7 0000000000000000000100000000000000000000
7 0000000000000000000111111110000000000000
7 0000000000000000000100000000000000000000
7 0000000000000000000000000001100000000000
7 0000000000000000000000000001111000000000
7 0000000000000000000000000001111110000000
7 0000000000000000000000000001111000000000
7 0000000000000000000000000001100000000000
7 0000000000000000000000000000000001100000
7 0000000000000000000000000000000001110000
7 0000000000000000000000000000000001111110
7 0000000000000000000000000000000001100000
7 0000000000000000000000000000000000000001
8 1100000000000000000000000000000000000000
7 0000000000000000000000000000000000000001
8 0111000000000000000000000000000000000000
7 0000000000000000000000000000000000000001
8 0000100000000000000000000000000000000000
8 0000111111111111111000000000000000000000
8 0000100000000000011000000000000000000000
8 0000100000000000011100000000000000000000
8 0000100000000000011000000000000000000000
8 0000100000000000011010000000000000000000
8 0000100000000000011000000000000000000000
8 0000100000000000011001100000000000000000
8 0000100000000000011000000000000000000000
8 0000100000000000011000010000000000000000
8 0000100000000000011000000000000000000000
8 0000100000000000011000001110000000000000
8 0000100000000000011000000000000000000000
8 0000100000000000011000000001000000000000
8 0000100000000000011000000000000000000000
8 0000100000000000011000000000111111000000
8 0000100000000000011000000000000000000000
8 0000100000000000011000000000000000111100
8 0000100000000000011000000000000000000000
8 0000100000000000001000000000000000000000
8 0000100000000000000000000000000000000000
8 0000000000000000000000000000000000000010
8 0000000000000000000000000000000000000011
9 1110000000000000000000000000000000000000
8 0000000000000000000000000000000000000011
9 0111110000000000000000000000000000000000
8 0000000000000000000000000000000000000011
9 0110001000000000000000000000000000000000
9 0110001111000000000000000000000000000000
9 0110001000000000000000000000000000000000
9 0110001000100000000000000000000000000000
9 0110001000000000000000000000000000000000
8 0000000000000000000000000000000000000011
8 0000000000000000000000000000000000000010
9 0010000000010000000000000000000000000000
9 0010000000011000000000000000000000000000
9 0010000000010000000000000000000000000000
9 0010000000010100000000000000000000000000
9 0010000000010000000000000000000000000000
9 0010000000010010000000000000000000000000
9 0010000000010000000000000000000000000000
9 0010000000010001000000000000000000000000
9 0010000000010000000000000000000000000000
9 0010000000010000100000000000000000000000
9 0010000000010000110000000000000000000000
9 0010000000010000100000000000000000000000
9 0010000000010000101000000000000000000000
9 0010000000010000100000000000000000000000
8 0000000000000000000000000000000000000010
9 0000000000000000000111000000000000000000
9 0000000000000000000111111100000000000000
9 0000000000000000000111111110000000000000
9 0000000000000000000111111100000000000000
9 0000000000000000000111111101110000000000
9 0000000000000000000111111100000000000000
9 0000000000000000000111000000000000000000
9 0000000000000000000101000000000000000000
9 0000000000000000000101000000001000000000
9 0000000000000000000101000000001100000000
9 0000000000000000000101000000001000000000
9 0000000000000000000101000000000000000000
9 0000000000000000000101000000000010000000
9 0000000000000000000101000000000011111100
10 1111111111110000000000000000000000000000
9 0000000000000000000101000000000011111100
10 0000111111111110000000000000000000000000
9 0000000000000000000101000000000011111100
9 0000000000000000000101000000000000000000
9 0000000000000000000000000000000000000010
9 0000000000000000000000000000000000000001
10 0000000000000001100000000000000000000000
9 0000000000000000000000000000000000000001
10 0000000000000000010000000000000000000000
10 0000000000000000011000000000000000000000
10 0000000000000000010000000000000000000000
10 0000000000000000010100000000000000000000
10 0000000000000000010000000000000000000000
10 0000000000000000010010000000000000000000
10 0000000000000000010000000000000000000000
10 0000000000000000000001110000000000000000
10 0000000000000000000001111111111111100000
10 0000000000000000000001110000000001100000
10 0000000000000000000001110000000001111000
10 0000000000000000000001110000000001100000
11 1111111111111111111111111111111000000000
10 0000000000000000000001110000000001100100
10 0000000000000000000001110000000001100000
11 0000000000000000000000000011111111111100
10 0000000000000000000001110000000001100000
10 0000000000000000000001110000000001100010
11 0000000000000000000000000011111000000011
10 0000000000000000000001110000000000100000
10 0000000000000000000001110000000000000000
10 0000000000000000000000000000000000000001
12 1111000000000000000000000000000000000000
10 0000000000000000000000000000000000000001
12 0000110000000000000000000000000000000000
12 0000111000000000000000000000000000000000
12 0000110000000000000000000000000000000000
12 0000110100000000000000000000000000000000
12 0000110000000000000000000000000000000000
12 0000000010000000000000000000000000000000
12 0000000011100000000000000000000000000000
12 0000000011110000000000000000000000000000
12 0000000011100000000000000000000000000000
12 0000000011101000000000000000000000000000
12 0000000011100000000000000000000000000000
12 0000000011100110000000000000000000000000
12 0000000011100000000000000000000000000000
12 0000000000000001110000000000000000000000
12 0000000000000001111000000000000000000000
12 0000000000000001111100000000000000000000
12 0000000000000001111000000000000000000000
12 0000000000000001111010000000000000000000
12 0000000000000001111000000000000000000000
12 0000000000000000000001100000000000000000
12 0000000000000000000001111000000000000000
12 0000000000000000000001100000000000000000
12 0000000000000000000001100111000000000000
12 0000000000000000000001100000000000000000
12 0000000000000000000001100000100000000000
12 0000000000000000000001100000110000000000
12 0000000000000000000001100000100000000000
12 0000000000000000000001100000101100000000
12 0000000000000000000001100000100000000000
12 0000000000000000000000000000000010000000
12 0000000000000000000000000000000011110000
13 1111111111110000000000000000000000000000
12 0000000000000000000000000000000011110000
12 0000000000000000000000000000000010001000
13 0000000000011111100000000000000000000000
12 0000000000000000000000000000000010001000
12 0000000000000000000000000000000010001100
13 0000000000010000111110000000000000000000
12 0000000000000000000000000000000010000000
12 0000000000000000000000000000000000000011
13 0000000000000000000001111100000000000000
13 0000000000000000000000011110000000000000
13 0000000000000000000000011100000000000000
14 1111111111111111100000000000000000000000
13 0000000000000000000000011100000000000000
13 0000000000000000000000011101000000000000
12 0000000000000000000000000000000000000011
13 0000000000000000000000010100100000000000
13 0000000000000000000000010100111111000000
13 0000000000000000000000010100101111000000
14 0000000000000100111111111111111111111111
13 0000000000000000000000010100101111000000
12 0000000000000000000000000000000000000011
